<?xml version="1.0" encoding="UTF-8"?>
<!-- Generated by org.testng.reporters.JUnitXMLReporter -->
<testsuite ignored="0" hostname="DESKTOP-UJM8HNV" failures="0" tests="4" name="ChromeBrowser" time="163.924" errors="0" timestamp="2022-09-21T18:49:32 OMST">
  <testcase classname="SGBAUTest.Administration" name="AdministrationLogin" time="0.121"/>
  <testcase classname="SGBAUTest.StudentValidation" name="StudentLogin" time="0.095"/>
  <testcase classname="SGBAUTest.Administration" name="AdministrationLoginValidation" time="24.831"/>
  <testcase classname="SGBAUTest.StudentValidation" name="StudentLoginValidation" time="22.211"/>
</testsuite> <!-- ChromeBrowser -->
