<?xml version="1.0" encoding="UTF-8"?>
<!-- Generated by org.testng.reporters.JUnitXMLReporter -->
<testsuite ignored="0" hostname="DESKTOP-UJM8HNV" failures="0" tests="1" name="Chrome" time="0.1" errors="0" timestamp="2022-09-15T19:14:40 OMST">
  <testcase classname="FacebookTest.TestBtTestNGHelpCenter" name="@BeforeTest launchBrowser" time="-1.663247680283E9">
    <failure type="org.testng.TestNGException" message="
Parameter &amp;apos;browser&amp;apos; is required by BeforeTest on method launchBrowser but has not been marked @Optional or defined
in C:\Users\ntci\eclipse-workspace\MavenProject\testng.xml">
      <![CDATA[org.testng.TestNGException: 
Parameter 'browser' is required by BeforeTest on method launchBrowser but has not been marked @Optional or defined
in C:\Users\ntci\eclipse-workspace\MavenProject\testng.xml
... Removed 21 stack frames]]>
    </failure>
  </testcase> <!-- @BeforeTest launchBrowser -->
  <testcase classname="FacebookTest.TestBtTestNGHelpCenter" name="@BeforeClass LaunchUrl" time="-1.663247680324E9">
    <skipped/>
  </testcase> <!-- @BeforeClass LaunchUrl -->
  <testcase classname="FacebookTest.TestBtTestNGHelpCenter" name="@BeforeMethod OpenRooms" time="-1.663247680353E9">
    <skipped/>
  </testcase> <!-- @BeforeMethod OpenRooms -->
  <testcase classname="FacebookTest.TestBtTestNGHelpCenter" name="@AfterMethod GotoBack" time="-1.663247680366E9">
    <skipped/>
  </testcase> <!-- @AfterMethod GotoBack -->
  <testcase classname="FacebookTest.TestBtTestNGHelpCenter" name="@AfterClass QuitApplication" time="-1.66324768037E9">
    <skipped/>
  </testcase> <!-- @AfterClass QuitApplication -->
  <testcase classname="FacebookTest.TestBtTestNGHelpCenter" name="@AfterTest closeBrowser" time="-1.663247680373E9">
    <skipped/>
  </testcase> <!-- @AfterTest closeBrowser -->
  <testcase classname="FacebookTest.TestBtTestNGHelpCenter" name="TestHelpCenterButton" time="0.0">
    <skipped/>
  </testcase> <!-- TestHelpCenterButton -->
</testsuite> <!-- Chrome -->
