<?xml version="1.0" encoding="UTF-8"?>
<!-- Generated by org.testng.reporters.JUnitXMLReporter -->
<testsuite ignored="0" hostname="DESKTOP-UJM8HNV" failures="0" tests="4" name="Test" time="69.883" errors="0" timestamp="2022-09-20T13:40:17 OMST">
  <testcase classname="SGBAUTest.StudentValidation" name="StudentLogin" time="0.414"/>
  <testcase classname="SGBAUTest.StudentValidation" name="StudentLoginValidation" time="3.556"/>
  <testcase classname="SGBAUTest.Administration" name="AdministrationLogin" time="0.178"/>
  <testcase classname="SGBAUTest.Administration" name="AdministrationLoginValidation" time="1.631"/>
</testsuite> <!-- Test -->
