<?xml version="1.0" encoding="UTF-8"?>
<!-- Generated by org.testng.reporters.JUnitXMLReporter -->
<testsuite ignored="0" hostname="DESKTOP-UJM8HNV" failures="0" tests="4" name="Test123" time="63.055" errors="0" timestamp="2022-09-20T12:43:53 OMST">
  <testcase classname="SGBAUTest.Administration" name="AdministrationLogin" time="0.661"/>
  <testcase classname="SGBAUTest.Administration" name="AdministrationLoginValidation" time="1.484"/>
  <testcase classname="SGBAUTest.StudentValidation" name="StudentLogin" time="0.703"/>
  <testcase classname="SGBAUTest.StudentValidation" name="StudentLoginValidation" time="3.291"/>
</testsuite> <!-- Test123 -->
