<?xml version="1.0" encoding="UTF-8"?>
<!-- Generated by org.testng.reporters.JUnitXMLReporter -->
<testsuite ignored="0" hostname="DESKTOP-UJM8HNV" failures="0" tests="4" name="Test" time="70.546" errors="0" timestamp="2022-09-20T12:13:26 OMST">
  <testcase classname="SGBAUTest.Administration" name="AdministrationLogin" time="0.719"/>
  <testcase classname="SGBAUTest.Administration" name="AdministrationLoginValidation" time="1.374"/>
  <testcase classname="SGBAUTest.StudentValidation" name="StudentLogin" time="0.799"/>
  <testcase classname="SGBAUTest.StudentValidation" name="StudentLoginValidation" time="3.205"/>
</testsuite> <!-- Test -->
