<?xml version="1.0" encoding="UTF-8"?>
<!-- Generated by org.testng.reporters.JUnitXMLReporter -->
<testsuite ignored="0" hostname="DESKTOP-UJM8HNV" failures="0" tests="4" name="Test456" time="58.262" errors="0" timestamp="2022-09-20T12:44:51 OMST">
  <testcase classname="SGBAUTest.Administration" name="AdministrationLogin" time="0.756"/>
  <testcase classname="SGBAUTest.Administration" name="AdministrationLoginValidation" time="1.393"/>
  <testcase classname="SGBAUTest.StudentValidation" name="StudentLogin" time="0.745"/>
  <testcase classname="SGBAUTest.StudentValidation" name="StudentLoginValidation" time="3.086"/>
</testsuite> <!-- Test456 -->
