<?xml version="1.0" encoding="UTF-8"?>
<!-- Generated by org.testng.reporters.JUnitXMLReporter -->
<testsuite ignored="0" hostname="DESKTOP-UJM8HNV" failures="0" tests="2" name="ChromeBrowser(failed)(failed)" time="43.105" errors="0" timestamp="2022-09-21T13:10:01 OMST">
  <testcase classname="SGBAUTest.StudentValidation" name="StudentLogin" time="0.845"/>
  <testcase classname="SGBAUTest.StudentValidation" name="StudentLoginValidation" time="4.265"/>
</testsuite> <!-- ChromeBrowser(failed)(failed) -->
