<?xml version="1.0" encoding="UTF-8"?>
<!-- Generated by org.testng.reporters.JUnitXMLReporter -->
<testsuite ignored="0" hostname="DESKTOP-UJM8HNV" failures="0" tests="2" name="OperaBrowser(failed)(failed)" time="40.797" errors="0" timestamp="2022-09-21T13:09:59 OMST">
  <testcase classname="SGBAUTest.StudentValidation" name="StudentLogin" time="0.556"/>
  <testcase classname="SGBAUTest.StudentValidation" name="StudentLoginValidation" time="3.809"/>
</testsuite> <!-- OperaBrowser(failed)(failed) -->
